A D/chardir////
A D/chartype////
A D/ctestfw////
A D/dumpce////
A D/genccode////
A D/gencmn////
A D/gencnval////
A D/gencol////
A D/genfchk////
A D/gennames////
A D/gennorm////
A D/genprops////
A D/genqchk////
A D/genrb////
A D/genren////
A D/gentest////
A D/gentz////
A D/genuca////
A D/makeconv////
A D/mkhelper////
A D/pkgdata////
A D/rbdump////
A D/toolutil////
A D/ulxfrm////
R D/ulxfrm////
R D/rbdump////
R D/mkhelper////
R D/genqchk////
R D/genfchk////
R D/gencol////
R D/chartype////
R D/chardir////
